CRITICAL - 2020-10-15 03:18:18 --> Undefined variable: arrPageScript
#0 /home/abhay/mememekr/app/Views/meta_footer.php(13): CodeIgniter\Debug\Exceptions->errorHandler(8, 'Undefined varia...', '/home/abhay/mem...', 13, Array)
#1 /home/abhay/mememekr/system/View/View.php(246): include('/home/abhay/mem...')
#2 /home/abhay/mememekr/system/Common.php(1119): CodeIgniter\View\View->render('meta_footer', Array, true)
#3 /home/abhay/mememekr/app/Controllers/Home.php(20): view('meta_footer')
#4 /home/abhay/mememekr/system/CodeIgniter.php(918): App\Controllers\Home->index()
#5 /home/abhay/mememekr/system/CodeIgniter.php(404): CodeIgniter\CodeIgniter->runController(Object(App\Controllers\Home))
#6 /home/abhay/mememekr/system/CodeIgniter.php(312): CodeIgniter\CodeIgniter->handleRequest(NULL, Object(Config\Cache), false)
#7 /home/abhay/mememekr/public/index.php(45): CodeIgniter\CodeIgniter->run()
#8 {main}
CRITICAL - 2020-10-15 03:18:19 --> Undefined variable: arrPageScript
#0 /home/abhay/mememekr/app/Views/meta_footer.php(13): CodeIgniter\Debug\Exceptions->errorHandler(8, 'Undefined varia...', '/home/abhay/mem...', 13, Array)
#1 /home/abhay/mememekr/system/View/View.php(246): include('/home/abhay/mem...')
#2 /home/abhay/mememekr/system/Common.php(1119): CodeIgniter\View\View->render('meta_footer', Array, true)
#3 /home/abhay/mememekr/app/Controllers/Home.php(20): view('meta_footer')
#4 /home/abhay/mememekr/system/CodeIgniter.php(918): App\Controllers\Home->index()
#5 /home/abhay/mememekr/system/CodeIgniter.php(404): CodeIgniter\CodeIgniter->runController(Object(App\Controllers\Home))
#6 /home/abhay/mememekr/system/CodeIgniter.php(312): CodeIgniter\CodeIgniter->handleRequest(NULL, Object(Config\Cache), false)
#7 /home/abhay/mememekr/public/index.php(45): CodeIgniter\CodeIgniter->run()
#8 {main}
CRITICAL - 2020-10-15 03:26:45 --> Undefined variable: arrPageScript
#0 /home/abhay/mememekr/app/Views/meta_footer.php(13): CodeIgniter\Debug\Exceptions->errorHandler(8, 'Undefined varia...', '/home/abhay/mem...', 13, Array)
#1 /home/abhay/mememekr/system/View/View.php(246): include('/home/abhay/mem...')
#2 /home/abhay/mememekr/system/Common.php(1119): CodeIgniter\View\View->render('meta_footer', Array, true)
#3 /home/abhay/mememekr/app/Controllers/Home.php(20): view('meta_footer')
#4 /home/abhay/mememekr/system/CodeIgniter.php(918): App\Controllers\Home->index()
#5 /home/abhay/mememekr/system/CodeIgniter.php(404): CodeIgniter\CodeIgniter->runController(Object(App\Controllers\Home))
#6 /home/abhay/mememekr/system/CodeIgniter.php(312): CodeIgniter\CodeIgniter->handleRequest(NULL, Object(Config\Cache), false)
#7 /home/abhay/mememekr/public/index.php(45): CodeIgniter\CodeIgniter->run()
#8 {main}
CRITICAL - 2020-10-15 03:26:46 --> Undefined variable: arrPageScript
#0 /home/abhay/mememekr/app/Views/meta_footer.php(13): CodeIgniter\Debug\Exceptions->errorHandler(8, 'Undefined varia...', '/home/abhay/mem...', 13, Array)
#1 /home/abhay/mememekr/system/View/View.php(246): include('/home/abhay/mem...')
#2 /home/abhay/mememekr/system/Common.php(1119): CodeIgniter\View\View->render('meta_footer', Array, true)
#3 /home/abhay/mememekr/app/Controllers/Home.php(20): view('meta_footer')
#4 /home/abhay/mememekr/system/CodeIgniter.php(918): App\Controllers\Home->index()
#5 /home/abhay/mememekr/system/CodeIgniter.php(404): CodeIgniter\CodeIgniter->runController(Object(App\Controllers\Home))
#6 /home/abhay/mememekr/system/CodeIgniter.php(312): CodeIgniter\CodeIgniter->handleRequest(NULL, Object(Config\Cache), false)
#7 /home/abhay/mememekr/public/index.php(45): CodeIgniter\CodeIgniter->run()
#8 {main}
CRITICAL - 2020-10-15 03:30:42 --> Undefined variable: arrPageScript
#0 /home/abhay/mememekr/app/Views/meta_footer.php(13): CodeIgniter\Debug\Exceptions->errorHandler(8, 'Undefined varia...', '/home/abhay/mem...', 13, Array)
#1 /home/abhay/mememekr/system/View/View.php(246): include('/home/abhay/mem...')
#2 /home/abhay/mememekr/system/Common.php(1119): CodeIgniter\View\View->render('meta_footer', Array, true)
#3 /home/abhay/mememekr/app/Controllers/Home.php(20): view('meta_footer')
#4 /home/abhay/mememekr/system/CodeIgniter.php(918): App\Controllers\Home->index()
#5 /home/abhay/mememekr/system/CodeIgniter.php(404): CodeIgniter\CodeIgniter->runController(Object(App\Controllers\Home))
#6 /home/abhay/mememekr/system/CodeIgniter.php(312): CodeIgniter\CodeIgniter->handleRequest(NULL, Object(Config\Cache), false)
#7 /home/abhay/mememekr/public/index.php(45): CodeIgniter\CodeIgniter->run()
#8 {main}
CRITICAL - 2020-10-15 03:30:43 --> Undefined variable: arrPageScript
#0 /home/abhay/mememekr/app/Views/meta_footer.php(13): CodeIgniter\Debug\Exceptions->errorHandler(8, 'Undefined varia...', '/home/abhay/mem...', 13, Array)
#1 /home/abhay/mememekr/system/View/View.php(246): include('/home/abhay/mem...')
#2 /home/abhay/mememekr/system/Common.php(1119): CodeIgniter\View\View->render('meta_footer', Array, true)
#3 /home/abhay/mememekr/app/Controllers/Home.php(20): view('meta_footer')
#4 /home/abhay/mememekr/system/CodeIgniter.php(918): App\Controllers\Home->index()
#5 /home/abhay/mememekr/system/CodeIgniter.php(404): CodeIgniter\CodeIgniter->runController(Object(App\Controllers\Home))
#6 /home/abhay/mememekr/system/CodeIgniter.php(312): CodeIgniter\CodeIgniter->handleRequest(NULL, Object(Config\Cache), false)
#7 /home/abhay/mememekr/public/index.php(45): CodeIgniter\CodeIgniter->run()
#8 {main}
CRITICAL - 2020-10-15 03:31:25 --> Undefined variable: arrPageScript
#0 /home/abhay/mememekr/app/Views/meta_footer.php(13): CodeIgniter\Debug\Exceptions->errorHandler(8, 'Undefined varia...', '/home/abhay/mem...', 13, Array)
#1 /home/abhay/mememekr/system/View/View.php(246): include('/home/abhay/mem...')
#2 /home/abhay/mememekr/system/Common.php(1119): CodeIgniter\View\View->render('meta_footer', Array, true)
#3 /home/abhay/mememekr/app/Controllers/Home.php(20): view('meta_footer')
#4 /home/abhay/mememekr/system/CodeIgniter.php(918): App\Controllers\Home->index()
#5 /home/abhay/mememekr/system/CodeIgniter.php(404): CodeIgniter\CodeIgniter->runController(Object(App\Controllers\Home))
#6 /home/abhay/mememekr/system/CodeIgniter.php(312): CodeIgniter\CodeIgniter->handleRequest(NULL, Object(Config\Cache), false)
#7 /home/abhay/mememekr/public/index.php(45): CodeIgniter\CodeIgniter->run()
#8 {main}
CRITICAL - 2020-10-15 03:32:25 --> Undefined variable: arrPageScript
#0 /home/abhay/mememekr/app/Views/meta_footer.php(13): CodeIgniter\Debug\Exceptions->errorHandler(8, 'Undefined varia...', '/home/abhay/mem...', 13, Array)
#1 /home/abhay/mememekr/system/View/View.php(246): include('/home/abhay/mem...')
#2 /home/abhay/mememekr/system/Common.php(1119): CodeIgniter\View\View->render('meta_footer', Array, true)
#3 /home/abhay/mememekr/app/Controllers/Home.php(20): view('meta_footer')
#4 /home/abhay/mememekr/system/CodeIgniter.php(918): App\Controllers\Home->index()
#5 /home/abhay/mememekr/system/CodeIgniter.php(404): CodeIgniter\CodeIgniter->runController(Object(App\Controllers\Home))
#6 /home/abhay/mememekr/system/CodeIgniter.php(312): CodeIgniter\CodeIgniter->handleRequest(NULL, Object(Config\Cache), false)
#7 /home/abhay/mememekr/public/index.php(45): CodeIgniter\CodeIgniter->run()
#8 {main}
CRITICAL - 2020-10-15 03:32:25 --> Undefined variable: arrPageScript
#0 /home/abhay/mememekr/app/Views/meta_footer.php(13): CodeIgniter\Debug\Exceptions->errorHandler(8, 'Undefined varia...', '/home/abhay/mem...', 13, Array)
#1 /home/abhay/mememekr/system/View/View.php(246): include('/home/abhay/mem...')
#2 /home/abhay/mememekr/system/Common.php(1119): CodeIgniter\View\View->render('meta_footer', Array, true)
#3 /home/abhay/mememekr/app/Controllers/Home.php(20): view('meta_footer')
#4 /home/abhay/mememekr/system/CodeIgniter.php(918): App\Controllers\Home->index()
#5 /home/abhay/mememekr/system/CodeIgniter.php(404): CodeIgniter\CodeIgniter->runController(Object(App\Controllers\Home))
#6 /home/abhay/mememekr/system/CodeIgniter.php(312): CodeIgniter\CodeIgniter->handleRequest(NULL, Object(Config\Cache), false)
#7 /home/abhay/mememekr/public/index.php(45): CodeIgniter\CodeIgniter->run()
#8 {main}
CRITICAL - 2020-10-15 03:32:29 --> Undefined variable: arrPageScript
#0 /home/abhay/mememekr/app/Views/meta_footer.php(13): CodeIgniter\Debug\Exceptions->errorHandler(8, 'Undefined varia...', '/home/abhay/mem...', 13, Array)
#1 /home/abhay/mememekr/system/View/View.php(246): include('/home/abhay/mem...')
#2 /home/abhay/mememekr/system/Common.php(1119): CodeIgniter\View\View->render('meta_footer', Array, true)
#3 /home/abhay/mememekr/app/Controllers/Home.php(20): view('meta_footer')
#4 /home/abhay/mememekr/system/CodeIgniter.php(918): App\Controllers\Home->index()
#5 /home/abhay/mememekr/system/CodeIgniter.php(404): CodeIgniter\CodeIgniter->runController(Object(App\Controllers\Home))
#6 /home/abhay/mememekr/system/CodeIgniter.php(312): CodeIgniter\CodeIgniter->handleRequest(NULL, Object(Config\Cache), false)
#7 /home/abhay/mememekr/public/index.php(45): CodeIgniter\CodeIgniter->run()
#8 {main}
CRITICAL - 2020-10-15 03:33:03 --> Undefined variable: arrPageScript
#0 /home/abhay/mememekr/app/Views/meta_footer.php(13): CodeIgniter\Debug\Exceptions->errorHandler(8, 'Undefined varia...', '/home/abhay/mem...', 13, Array)
#1 /home/abhay/mememekr/system/View/View.php(246): include('/home/abhay/mem...')
#2 /home/abhay/mememekr/system/Common.php(1119): CodeIgniter\View\View->render('meta_footer', Array, true)
#3 /home/abhay/mememekr/app/Controllers/Home.php(20): view('meta_footer')
#4 /home/abhay/mememekr/system/CodeIgniter.php(918): App\Controllers\Home->index()
#5 /home/abhay/mememekr/system/CodeIgniter.php(404): CodeIgniter\CodeIgniter->runController(Object(App\Controllers\Home))
#6 /home/abhay/mememekr/system/CodeIgniter.php(312): CodeIgniter\CodeIgniter->handleRequest(NULL, Object(Config\Cache), false)
#7 /home/abhay/mememekr/public/index.php(45): CodeIgniter\CodeIgniter->run()
#8 {main}
CRITICAL - 2020-10-15 03:33:04 --> Undefined variable: arrPageScript
#0 /home/abhay/mememekr/app/Views/meta_footer.php(13): CodeIgniter\Debug\Exceptions->errorHandler(8, 'Undefined varia...', '/home/abhay/mem...', 13, Array)
#1 /home/abhay/mememekr/system/View/View.php(246): include('/home/abhay/mem...')
#2 /home/abhay/mememekr/system/Common.php(1119): CodeIgniter\View\View->render('meta_footer', Array, true)
#3 /home/abhay/mememekr/app/Controllers/Home.php(20): view('meta_footer')
#4 /home/abhay/mememekr/system/CodeIgniter.php(918): App\Controllers\Home->index()
#5 /home/abhay/mememekr/system/CodeIgniter.php(404): CodeIgniter\CodeIgniter->runController(Object(App\Controllers\Home))
#6 /home/abhay/mememekr/system/CodeIgniter.php(312): CodeIgniter\CodeIgniter->handleRequest(NULL, Object(Config\Cache), false)
#7 /home/abhay/mememekr/public/index.php(45): CodeIgniter\CodeIgniter->run()
#8 {main}
CRITICAL - 2020-10-15 03:33:47 --> Undefined variable: arrPageScript
#0 /home/abhay/mememekr/app/Views/meta_footer.php(13): CodeIgniter\Debug\Exceptions->errorHandler(8, 'Undefined varia...', '/home/abhay/mem...', 13, Array)
#1 /home/abhay/mememekr/system/View/View.php(246): include('/home/abhay/mem...')
#2 /home/abhay/mememekr/system/Common.php(1119): CodeIgniter\View\View->render('meta_footer', Array, true)
#3 /home/abhay/mememekr/app/Controllers/Home.php(20): view('meta_footer')
#4 /home/abhay/mememekr/system/CodeIgniter.php(918): App\Controllers\Home->index()
#5 /home/abhay/mememekr/system/CodeIgniter.php(404): CodeIgniter\CodeIgniter->runController(Object(App\Controllers\Home))
#6 /home/abhay/mememekr/system/CodeIgniter.php(312): CodeIgniter\CodeIgniter->handleRequest(NULL, Object(Config\Cache), false)
#7 /home/abhay/mememekr/public/index.php(45): CodeIgniter\CodeIgniter->run()
#8 {main}
CRITICAL - 2020-10-15 03:33:48 --> Undefined variable: arrPageScript
#0 /home/abhay/mememekr/app/Views/meta_footer.php(13): CodeIgniter\Debug\Exceptions->errorHandler(8, 'Undefined varia...', '/home/abhay/mem...', 13, Array)
#1 /home/abhay/mememekr/system/View/View.php(246): include('/home/abhay/mem...')
#2 /home/abhay/mememekr/system/Common.php(1119): CodeIgniter\View\View->render('meta_footer', Array, true)
#3 /home/abhay/mememekr/app/Controllers/Home.php(20): view('meta_footer')
#4 /home/abhay/mememekr/system/CodeIgniter.php(918): App\Controllers\Home->index()
#5 /home/abhay/mememekr/system/CodeIgniter.php(404): CodeIgniter\CodeIgniter->runController(Object(App\Controllers\Home))
#6 /home/abhay/mememekr/system/CodeIgniter.php(312): CodeIgniter\CodeIgniter->handleRequest(NULL, Object(Config\Cache), false)
#7 /home/abhay/mememekr/public/index.php(45): CodeIgniter\CodeIgniter->run()
#8 {main}
CRITICAL - 2020-10-15 03:34:49 --> Undefined variable: arrPageScript
#0 /home/abhay/mememekr/app/Views/meta_footer.php(13): CodeIgniter\Debug\Exceptions->errorHandler(8, 'Undefined varia...', '/home/abhay/mem...', 13, Array)
#1 /home/abhay/mememekr/system/View/View.php(246): include('/home/abhay/mem...')
#2 /home/abhay/mememekr/system/Common.php(1119): CodeIgniter\View\View->render('meta_footer', Array, true)
#3 /home/abhay/mememekr/app/Controllers/Home.php(20): view('meta_footer')
#4 /home/abhay/mememekr/system/CodeIgniter.php(918): App\Controllers\Home->index()
#5 /home/abhay/mememekr/system/CodeIgniter.php(404): CodeIgniter\CodeIgniter->runController(Object(App\Controllers\Home))
#6 /home/abhay/mememekr/system/CodeIgniter.php(312): CodeIgniter\CodeIgniter->handleRequest(NULL, Object(Config\Cache), false)
#7 /home/abhay/mememekr/public/index.php(45): CodeIgniter\CodeIgniter->run()
#8 {main}
CRITICAL - 2020-10-15 03:34:49 --> Undefined variable: arrPageScript
#0 /home/abhay/mememekr/app/Views/meta_footer.php(13): CodeIgniter\Debug\Exceptions->errorHandler(8, 'Undefined varia...', '/home/abhay/mem...', 13, Array)
#1 /home/abhay/mememekr/system/View/View.php(246): include('/home/abhay/mem...')
#2 /home/abhay/mememekr/system/Common.php(1119): CodeIgniter\View\View->render('meta_footer', Array, true)
#3 /home/abhay/mememekr/app/Controllers/Home.php(20): view('meta_footer')
#4 /home/abhay/mememekr/system/CodeIgniter.php(918): App\Controllers\Home->index()
#5 /home/abhay/mememekr/system/CodeIgniter.php(404): CodeIgniter\CodeIgniter->runController(Object(App\Controllers\Home))
#6 /home/abhay/mememekr/system/CodeIgniter.php(312): CodeIgniter\CodeIgniter->handleRequest(NULL, Object(Config\Cache), false)
#7 /home/abhay/mememekr/public/index.php(45): CodeIgniter\CodeIgniter->run()
#8 {main}
CRITICAL - 2020-10-15 03:35:03 --> Undefined variable: arrPageScript
#0 /home/abhay/mememekr/app/Views/meta_footer.php(13): CodeIgniter\Debug\Exceptions->errorHandler(8, 'Undefined varia...', '/home/abhay/mem...', 13, Array)
#1 /home/abhay/mememekr/system/View/View.php(246): include('/home/abhay/mem...')
#2 /home/abhay/mememekr/system/Common.php(1119): CodeIgniter\View\View->render('meta_footer', Array, true)
#3 /home/abhay/mememekr/app/Controllers/Home.php(20): view('meta_footer')
#4 /home/abhay/mememekr/system/CodeIgniter.php(918): App\Controllers\Home->index()
#5 /home/abhay/mememekr/system/CodeIgniter.php(404): CodeIgniter\CodeIgniter->runController(Object(App\Controllers\Home))
#6 /home/abhay/mememekr/system/CodeIgniter.php(312): CodeIgniter\CodeIgniter->handleRequest(NULL, Object(Config\Cache), false)
#7 /home/abhay/mememekr/public/index.php(45): CodeIgniter\CodeIgniter->run()
#8 {main}
CRITICAL - 2020-10-15 03:35:03 --> Undefined variable: arrPageScript
#0 /home/abhay/mememekr/app/Views/meta_footer.php(13): CodeIgniter\Debug\Exceptions->errorHandler(8, 'Undefined varia...', '/home/abhay/mem...', 13, Array)
#1 /home/abhay/mememekr/system/View/View.php(246): include('/home/abhay/mem...')
#2 /home/abhay/mememekr/system/Common.php(1119): CodeIgniter\View\View->render('meta_footer', Array, true)
#3 /home/abhay/mememekr/app/Controllers/Home.php(20): view('meta_footer')
#4 /home/abhay/mememekr/system/CodeIgniter.php(918): App\Controllers\Home->index()
#5 /home/abhay/mememekr/system/CodeIgniter.php(404): CodeIgniter\CodeIgniter->runController(Object(App\Controllers\Home))
#6 /home/abhay/mememekr/system/CodeIgniter.php(312): CodeIgniter\CodeIgniter->handleRequest(NULL, Object(Config\Cache), false)
#7 /home/abhay/mememekr/public/index.php(45): CodeIgniter\CodeIgniter->run()
#8 {main}
CRITICAL - 2020-10-15 03:35:32 --> Undefined variable: arrPageScript
#0 /home/abhay/mememekr/app/Views/meta_footer.php(13): CodeIgniter\Debug\Exceptions->errorHandler(8, 'Undefined varia...', '/home/abhay/mem...', 13, Array)
#1 /home/abhay/mememekr/system/View/View.php(246): include('/home/abhay/mem...')
#2 /home/abhay/mememekr/system/Common.php(1119): CodeIgniter\View\View->render('meta_footer', Array, true)
#3 /home/abhay/mememekr/app/Controllers/Home.php(20): view('meta_footer')
#4 /home/abhay/mememekr/system/CodeIgniter.php(918): App\Controllers\Home->index()
#5 /home/abhay/mememekr/system/CodeIgniter.php(404): CodeIgniter\CodeIgniter->runController(Object(App\Controllers\Home))
#6 /home/abhay/mememekr/system/CodeIgniter.php(312): CodeIgniter\CodeIgniter->handleRequest(NULL, Object(Config\Cache), false)
#7 /home/abhay/mememekr/public/index.php(45): CodeIgniter\CodeIgniter->run()
#8 {main}
CRITICAL - 2020-10-15 03:35:32 --> Undefined variable: arrPageScript
#0 /home/abhay/mememekr/app/Views/meta_footer.php(13): CodeIgniter\Debug\Exceptions->errorHandler(8, 'Undefined varia...', '/home/abhay/mem...', 13, Array)
#1 /home/abhay/mememekr/system/View/View.php(246): include('/home/abhay/mem...')
#2 /home/abhay/mememekr/system/Common.php(1119): CodeIgniter\View\View->render('meta_footer', Array, true)
#3 /home/abhay/mememekr/app/Controllers/Home.php(20): view('meta_footer')
#4 /home/abhay/mememekr/system/CodeIgniter.php(918): App\Controllers\Home->index()
#5 /home/abhay/mememekr/system/CodeIgniter.php(404): CodeIgniter\CodeIgniter->runController(Object(App\Controllers\Home))
#6 /home/abhay/mememekr/system/CodeIgniter.php(312): CodeIgniter\CodeIgniter->handleRequest(NULL, Object(Config\Cache), false)
#7 /home/abhay/mememekr/public/index.php(45): CodeIgniter\CodeIgniter->run()
#8 {main}
CRITICAL - 2020-10-15 03:38:26 --> Undefined variable: arrPageScript
#0 /home/abhay/mememekr/app/Views/meta_footer.php(13): CodeIgniter\Debug\Exceptions->errorHandler(8, 'Undefined varia...', '/home/abhay/mem...', 13, Array)
#1 /home/abhay/mememekr/system/View/View.php(246): include('/home/abhay/mem...')
#2 /home/abhay/mememekr/system/Common.php(1119): CodeIgniter\View\View->render('meta_footer', Array, true)
#3 /home/abhay/mememekr/app/Controllers/Home.php(20): view('meta_footer')
#4 /home/abhay/mememekr/system/CodeIgniter.php(918): App\Controllers\Home->index()
#5 /home/abhay/mememekr/system/CodeIgniter.php(404): CodeIgniter\CodeIgniter->runController(Object(App\Controllers\Home))
#6 /home/abhay/mememekr/system/CodeIgniter.php(312): CodeIgniter\CodeIgniter->handleRequest(NULL, Object(Config\Cache), false)
#7 /home/abhay/mememekr/public/index.php(45): CodeIgniter\CodeIgniter->run()
#8 {main}
CRITICAL - 2020-10-15 03:38:27 --> Undefined variable: arrPageScript
#0 /home/abhay/mememekr/app/Views/meta_footer.php(13): CodeIgniter\Debug\Exceptions->errorHandler(8, 'Undefined varia...', '/home/abhay/mem...', 13, Array)
#1 /home/abhay/mememekr/system/View/View.php(246): include('/home/abhay/mem...')
#2 /home/abhay/mememekr/system/Common.php(1119): CodeIgniter\View\View->render('meta_footer', Array, true)
#3 /home/abhay/mememekr/app/Controllers/Home.php(20): view('meta_footer')
#4 /home/abhay/mememekr/system/CodeIgniter.php(918): App\Controllers\Home->index()
#5 /home/abhay/mememekr/system/CodeIgniter.php(404): CodeIgniter\CodeIgniter->runController(Object(App\Controllers\Home))
#6 /home/abhay/mememekr/system/CodeIgniter.php(312): CodeIgniter\CodeIgniter->handleRequest(NULL, Object(Config\Cache), false)
#7 /home/abhay/mememekr/public/index.php(45): CodeIgniter\CodeIgniter->run()
#8 {main}
CRITICAL - 2020-10-15 03:40:15 --> Undefined variable: arrPageScript
#0 /home/abhay/mememekr/app/Views/meta_footer.php(13): CodeIgniter\Debug\Exceptions->errorHandler(8, 'Undefined varia...', '/home/abhay/mem...', 13, Array)
#1 /home/abhay/mememekr/system/View/View.php(246): include('/home/abhay/mem...')
#2 /home/abhay/mememekr/system/Common.php(1119): CodeIgniter\View\View->render('meta_footer', Array, true)
#3 /home/abhay/mememekr/app/Controllers/Home.php(20): view('meta_footer')
#4 /home/abhay/mememekr/system/CodeIgniter.php(918): App\Controllers\Home->index()
#5 /home/abhay/mememekr/system/CodeIgniter.php(404): CodeIgniter\CodeIgniter->runController(Object(App\Controllers\Home))
#6 /home/abhay/mememekr/system/CodeIgniter.php(312): CodeIgniter\CodeIgniter->handleRequest(NULL, Object(Config\Cache), false)
#7 /home/abhay/mememekr/public/index.php(45): CodeIgniter\CodeIgniter->run()
#8 {main}
CRITICAL - 2020-10-15 03:40:15 --> Undefined variable: arrPageScript
#0 /home/abhay/mememekr/app/Views/meta_footer.php(13): CodeIgniter\Debug\Exceptions->errorHandler(8, 'Undefined varia...', '/home/abhay/mem...', 13, Array)
#1 /home/abhay/mememekr/system/View/View.php(246): include('/home/abhay/mem...')
#2 /home/abhay/mememekr/system/Common.php(1119): CodeIgniter\View\View->render('meta_footer', Array, true)
#3 /home/abhay/mememekr/app/Controllers/Home.php(20): view('meta_footer')
#4 /home/abhay/mememekr/system/CodeIgniter.php(918): App\Controllers\Home->index()
#5 /home/abhay/mememekr/system/CodeIgniter.php(404): CodeIgniter\CodeIgniter->runController(Object(App\Controllers\Home))
#6 /home/abhay/mememekr/system/CodeIgniter.php(312): CodeIgniter\CodeIgniter->handleRequest(NULL, Object(Config\Cache), false)
#7 /home/abhay/mememekr/public/index.php(45): CodeIgniter\CodeIgniter->run()
#8 {main}
CRITICAL - 2020-10-15 03:40:43 --> Undefined variable: arrPageScript
#0 /home/abhay/mememekr/app/Views/meta_footer.php(13): CodeIgniter\Debug\Exceptions->errorHandler(8, 'Undefined varia...', '/home/abhay/mem...', 13, Array)
#1 /home/abhay/mememekr/system/View/View.php(246): include('/home/abhay/mem...')
#2 /home/abhay/mememekr/system/Common.php(1119): CodeIgniter\View\View->render('meta_footer', Array, true)
#3 /home/abhay/mememekr/app/Controllers/Home.php(20): view('meta_footer')
#4 /home/abhay/mememekr/system/CodeIgniter.php(918): App\Controllers\Home->index()
#5 /home/abhay/mememekr/system/CodeIgniter.php(404): CodeIgniter\CodeIgniter->runController(Object(App\Controllers\Home))
#6 /home/abhay/mememekr/system/CodeIgniter.php(312): CodeIgniter\CodeIgniter->handleRequest(NULL, Object(Config\Cache), false)
#7 /home/abhay/mememekr/public/index.php(45): CodeIgniter\CodeIgniter->run()
#8 {main}
CRITICAL - 2020-10-15 03:40:43 --> Undefined variable: arrPageScript
#0 /home/abhay/mememekr/app/Views/meta_footer.php(13): CodeIgniter\Debug\Exceptions->errorHandler(8, 'Undefined varia...', '/home/abhay/mem...', 13, Array)
#1 /home/abhay/mememekr/system/View/View.php(246): include('/home/abhay/mem...')
#2 /home/abhay/mememekr/system/Common.php(1119): CodeIgniter\View\View->render('meta_footer', Array, true)
#3 /home/abhay/mememekr/app/Controllers/Home.php(20): view('meta_footer')
#4 /home/abhay/mememekr/system/CodeIgniter.php(918): App\Controllers\Home->index()
#5 /home/abhay/mememekr/system/CodeIgniter.php(404): CodeIgniter\CodeIgniter->runController(Object(App\Controllers\Home))
#6 /home/abhay/mememekr/system/CodeIgniter.php(312): CodeIgniter\CodeIgniter->handleRequest(NULL, Object(Config\Cache), false)
#7 /home/abhay/mememekr/public/index.php(45): CodeIgniter\CodeIgniter->run()
#8 {main}
CRITICAL - 2020-10-15 03:41:13 --> Undefined variable: arrPageScript
#0 /home/abhay/mememekr/app/Views/meta_footer.php(13): CodeIgniter\Debug\Exceptions->errorHandler(8, 'Undefined varia...', '/home/abhay/mem...', 13, Array)
#1 /home/abhay/mememekr/system/View/View.php(246): include('/home/abhay/mem...')
#2 /home/abhay/mememekr/system/Common.php(1119): CodeIgniter\View\View->render('meta_footer', Array, true)
#3 /home/abhay/mememekr/app/Controllers/Home.php(20): view('meta_footer')
#4 /home/abhay/mememekr/system/CodeIgniter.php(918): App\Controllers\Home->index()
#5 /home/abhay/mememekr/system/CodeIgniter.php(404): CodeIgniter\CodeIgniter->runController(Object(App\Controllers\Home))
#6 /home/abhay/mememekr/system/CodeIgniter.php(312): CodeIgniter\CodeIgniter->handleRequest(NULL, Object(Config\Cache), false)
#7 /home/abhay/mememekr/public/index.php(45): CodeIgniter\CodeIgniter->run()
#8 {main}
CRITICAL - 2020-10-15 03:41:13 --> Undefined variable: arrPageScript
#0 /home/abhay/mememekr/app/Views/meta_footer.php(13): CodeIgniter\Debug\Exceptions->errorHandler(8, 'Undefined varia...', '/home/abhay/mem...', 13, Array)
#1 /home/abhay/mememekr/system/View/View.php(246): include('/home/abhay/mem...')
#2 /home/abhay/mememekr/system/Common.php(1119): CodeIgniter\View\View->render('meta_footer', Array, true)
#3 /home/abhay/mememekr/app/Controllers/Home.php(20): view('meta_footer')
#4 /home/abhay/mememekr/system/CodeIgniter.php(918): App\Controllers\Home->index()
#5 /home/abhay/mememekr/system/CodeIgniter.php(404): CodeIgniter\CodeIgniter->runController(Object(App\Controllers\Home))
#6 /home/abhay/mememekr/system/CodeIgniter.php(312): CodeIgniter\CodeIgniter->handleRequest(NULL, Object(Config\Cache), false)
#7 /home/abhay/mememekr/public/index.php(45): CodeIgniter\CodeIgniter->run()
#8 {main}
CRITICAL - 2020-10-15 03:42:35 --> Undefined variable: arrPageScript
#0 /home/abhay/mememekr/app/Views/meta_footer.php(13): CodeIgniter\Debug\Exceptions->errorHandler(8, 'Undefined varia...', '/home/abhay/mem...', 13, Array)
#1 /home/abhay/mememekr/system/View/View.php(246): include('/home/abhay/mem...')
#2 /home/abhay/mememekr/system/Common.php(1119): CodeIgniter\View\View->render('meta_footer', Array, true)
#3 /home/abhay/mememekr/app/Controllers/Home.php(20): view('meta_footer')
#4 /home/abhay/mememekr/system/CodeIgniter.php(918): App\Controllers\Home->index()
#5 /home/abhay/mememekr/system/CodeIgniter.php(404): CodeIgniter\CodeIgniter->runController(Object(App\Controllers\Home))
#6 /home/abhay/mememekr/system/CodeIgniter.php(312): CodeIgniter\CodeIgniter->handleRequest(NULL, Object(Config\Cache), false)
#7 /home/abhay/mememekr/public/index.php(45): CodeIgniter\CodeIgniter->run()
#8 {main}
CRITICAL - 2020-10-15 03:42:35 --> Undefined variable: arrPageScript
#0 /home/abhay/mememekr/app/Views/meta_footer.php(13): CodeIgniter\Debug\Exceptions->errorHandler(8, 'Undefined varia...', '/home/abhay/mem...', 13, Array)
#1 /home/abhay/mememekr/system/View/View.php(246): include('/home/abhay/mem...')
#2 /home/abhay/mememekr/system/Common.php(1119): CodeIgniter\View\View->render('meta_footer', Array, true)
#3 /home/abhay/mememekr/app/Controllers/Home.php(20): view('meta_footer')
#4 /home/abhay/mememekr/system/CodeIgniter.php(918): App\Controllers\Home->index()
#5 /home/abhay/mememekr/system/CodeIgniter.php(404): CodeIgniter\CodeIgniter->runController(Object(App\Controllers\Home))
#6 /home/abhay/mememekr/system/CodeIgniter.php(312): CodeIgniter\CodeIgniter->handleRequest(NULL, Object(Config\Cache), false)
#7 /home/abhay/mememekr/public/index.php(45): CodeIgniter\CodeIgniter->run()
#8 {main}
CRITICAL - 2020-10-15 03:45:23 --> Undefined variable: arrPageScript
#0 /home/abhay/mememekr/app/Views/meta_footer.php(13): CodeIgniter\Debug\Exceptions->errorHandler(8, 'Undefined varia...', '/home/abhay/mem...', 13, Array)
#1 /home/abhay/mememekr/system/View/View.php(246): include('/home/abhay/mem...')
#2 /home/abhay/mememekr/system/Common.php(1119): CodeIgniter\View\View->render('meta_footer', Array, true)
#3 /home/abhay/mememekr/app/Controllers/Home.php(20): view('meta_footer')
#4 /home/abhay/mememekr/system/CodeIgniter.php(918): App\Controllers\Home->index()
#5 /home/abhay/mememekr/system/CodeIgniter.php(404): CodeIgniter\CodeIgniter->runController(Object(App\Controllers\Home))
#6 /home/abhay/mememekr/system/CodeIgniter.php(312): CodeIgniter\CodeIgniter->handleRequest(NULL, Object(Config\Cache), false)
#7 /home/abhay/mememekr/public/index.php(45): CodeIgniter\CodeIgniter->run()
#8 {main}
CRITICAL - 2020-10-15 03:45:23 --> Undefined variable: arrPageScript
#0 /home/abhay/mememekr/app/Views/meta_footer.php(13): CodeIgniter\Debug\Exceptions->errorHandler(8, 'Undefined varia...', '/home/abhay/mem...', 13, Array)
#1 /home/abhay/mememekr/system/View/View.php(246): include('/home/abhay/mem...')
#2 /home/abhay/mememekr/system/Common.php(1119): CodeIgniter\View\View->render('meta_footer', Array, true)
#3 /home/abhay/mememekr/app/Controllers/Home.php(20): view('meta_footer')
#4 /home/abhay/mememekr/system/CodeIgniter.php(918): App\Controllers\Home->index()
#5 /home/abhay/mememekr/system/CodeIgniter.php(404): CodeIgniter\CodeIgniter->runController(Object(App\Controllers\Home))
#6 /home/abhay/mememekr/system/CodeIgniter.php(312): CodeIgniter\CodeIgniter->handleRequest(NULL, Object(Config\Cache), false)
#7 /home/abhay/mememekr/public/index.php(45): CodeIgniter\CodeIgniter->run()
#8 {main}
CRITICAL - 2020-10-15 03:45:35 --> Undefined variable: arrPageScript
#0 /home/abhay/mememekr/app/Views/meta_footer.php(13): CodeIgniter\Debug\Exceptions->errorHandler(8, 'Undefined varia...', '/home/abhay/mem...', 13, Array)
#1 /home/abhay/mememekr/system/View/View.php(246): include('/home/abhay/mem...')
#2 /home/abhay/mememekr/system/Common.php(1119): CodeIgniter\View\View->render('meta_footer', Array, true)
#3 /home/abhay/mememekr/app/Controllers/Home.php(20): view('meta_footer')
#4 /home/abhay/mememekr/system/CodeIgniter.php(918): App\Controllers\Home->index()
#5 /home/abhay/mememekr/system/CodeIgniter.php(404): CodeIgniter\CodeIgniter->runController(Object(App\Controllers\Home))
#6 /home/abhay/mememekr/system/CodeIgniter.php(312): CodeIgniter\CodeIgniter->handleRequest(NULL, Object(Config\Cache), false)
#7 /home/abhay/mememekr/public/index.php(45): CodeIgniter\CodeIgniter->run()
#8 {main}
CRITICAL - 2020-10-15 03:45:36 --> Undefined variable: arrPageScript
#0 /home/abhay/mememekr/app/Views/meta_footer.php(13): CodeIgniter\Debug\Exceptions->errorHandler(8, 'Undefined varia...', '/home/abhay/mem...', 13, Array)
#1 /home/abhay/mememekr/system/View/View.php(246): include('/home/abhay/mem...')
#2 /home/abhay/mememekr/system/Common.php(1119): CodeIgniter\View\View->render('meta_footer', Array, true)
#3 /home/abhay/mememekr/app/Controllers/Home.php(20): view('meta_footer')
#4 /home/abhay/mememekr/system/CodeIgniter.php(918): App\Controllers\Home->index()
#5 /home/abhay/mememekr/system/CodeIgniter.php(404): CodeIgniter\CodeIgniter->runController(Object(App\Controllers\Home))
#6 /home/abhay/mememekr/system/CodeIgniter.php(312): CodeIgniter\CodeIgniter->handleRequest(NULL, Object(Config\Cache), false)
#7 /home/abhay/mememekr/public/index.php(45): CodeIgniter\CodeIgniter->run()
#8 {main}
CRITICAL - 2020-10-15 03:45:44 --> Undefined variable: arrPageScript
#0 /home/abhay/mememekr/app/Views/meta_footer.php(13): CodeIgniter\Debug\Exceptions->errorHandler(8, 'Undefined varia...', '/home/abhay/mem...', 13, Array)
#1 /home/abhay/mememekr/system/View/View.php(246): include('/home/abhay/mem...')
#2 /home/abhay/mememekr/system/Common.php(1119): CodeIgniter\View\View->render('meta_footer', Array, true)
#3 /home/abhay/mememekr/app/Controllers/Home.php(20): view('meta_footer')
#4 /home/abhay/mememekr/system/CodeIgniter.php(918): App\Controllers\Home->index()
#5 /home/abhay/mememekr/system/CodeIgniter.php(404): CodeIgniter\CodeIgniter->runController(Object(App\Controllers\Home))
#6 /home/abhay/mememekr/system/CodeIgniter.php(312): CodeIgniter\CodeIgniter->handleRequest(NULL, Object(Config\Cache), false)
#7 /home/abhay/mememekr/public/index.php(45): CodeIgniter\CodeIgniter->run()
#8 {main}
CRITICAL - 2020-10-15 03:45:45 --> Undefined variable: arrPageScript
#0 /home/abhay/mememekr/app/Views/meta_footer.php(13): CodeIgniter\Debug\Exceptions->errorHandler(8, 'Undefined varia...', '/home/abhay/mem...', 13, Array)
#1 /home/abhay/mememekr/system/View/View.php(246): include('/home/abhay/mem...')
#2 /home/abhay/mememekr/system/Common.php(1119): CodeIgniter\View\View->render('meta_footer', Array, true)
#3 /home/abhay/mememekr/app/Controllers/Home.php(20): view('meta_footer')
#4 /home/abhay/mememekr/system/CodeIgniter.php(918): App\Controllers\Home->index()
#5 /home/abhay/mememekr/system/CodeIgniter.php(404): CodeIgniter\CodeIgniter->runController(Object(App\Controllers\Home))
#6 /home/abhay/mememekr/system/CodeIgniter.php(312): CodeIgniter\CodeIgniter->handleRequest(NULL, Object(Config\Cache), false)
#7 /home/abhay/mememekr/public/index.php(45): CodeIgniter\CodeIgniter->run()
#8 {main}
CRITICAL - 2020-10-15 03:46:13 --> Undefined variable: arrPageScript
#0 /home/abhay/mememekr/app/Views/meta_footer.php(13): CodeIgniter\Debug\Exceptions->errorHandler(8, 'Undefined varia...', '/home/abhay/mem...', 13, Array)
#1 /home/abhay/mememekr/system/View/View.php(246): include('/home/abhay/mem...')
#2 /home/abhay/mememekr/system/Common.php(1119): CodeIgniter\View\View->render('meta_footer', Array, true)
#3 /home/abhay/mememekr/app/Controllers/Home.php(20): view('meta_footer')
#4 /home/abhay/mememekr/system/CodeIgniter.php(918): App\Controllers\Home->index()
#5 /home/abhay/mememekr/system/CodeIgniter.php(404): CodeIgniter\CodeIgniter->runController(Object(App\Controllers\Home))
#6 /home/abhay/mememekr/system/CodeIgniter.php(312): CodeIgniter\CodeIgniter->handleRequest(NULL, Object(Config\Cache), false)
#7 /home/abhay/mememekr/public/index.php(45): CodeIgniter\CodeIgniter->run()
#8 {main}
CRITICAL - 2020-10-15 03:46:13 --> Undefined variable: arrPageScript
#0 /home/abhay/mememekr/app/Views/meta_footer.php(13): CodeIgniter\Debug\Exceptions->errorHandler(8, 'Undefined varia...', '/home/abhay/mem...', 13, Array)
#1 /home/abhay/mememekr/system/View/View.php(246): include('/home/abhay/mem...')
#2 /home/abhay/mememekr/system/Common.php(1119): CodeIgniter\View\View->render('meta_footer', Array, true)
#3 /home/abhay/mememekr/app/Controllers/Home.php(20): view('meta_footer')
#4 /home/abhay/mememekr/system/CodeIgniter.php(918): App\Controllers\Home->index()
#5 /home/abhay/mememekr/system/CodeIgniter.php(404): CodeIgniter\CodeIgniter->runController(Object(App\Controllers\Home))
#6 /home/abhay/mememekr/system/CodeIgniter.php(312): CodeIgniter\CodeIgniter->handleRequest(NULL, Object(Config\Cache), false)
#7 /home/abhay/mememekr/public/index.php(45): CodeIgniter\CodeIgniter->run()
#8 {main}
CRITICAL - 2020-10-15 03:46:46 --> Undefined variable: arrPageScript
#0 /home/abhay/mememekr/app/Views/meta_footer.php(13): CodeIgniter\Debug\Exceptions->errorHandler(8, 'Undefined varia...', '/home/abhay/mem...', 13, Array)
#1 /home/abhay/mememekr/system/View/View.php(246): include('/home/abhay/mem...')
#2 /home/abhay/mememekr/system/Common.php(1119): CodeIgniter\View\View->render('meta_footer', Array, true)
#3 /home/abhay/mememekr/app/Controllers/Home.php(20): view('meta_footer')
#4 /home/abhay/mememekr/system/CodeIgniter.php(918): App\Controllers\Home->index()
#5 /home/abhay/mememekr/system/CodeIgniter.php(404): CodeIgniter\CodeIgniter->runController(Object(App\Controllers\Home))
#6 /home/abhay/mememekr/system/CodeIgniter.php(312): CodeIgniter\CodeIgniter->handleRequest(NULL, Object(Config\Cache), false)
#7 /home/abhay/mememekr/public/index.php(45): CodeIgniter\CodeIgniter->run()
#8 {main}
CRITICAL - 2020-10-15 03:46:47 --> Undefined variable: arrPageScript
#0 /home/abhay/mememekr/app/Views/meta_footer.php(13): CodeIgniter\Debug\Exceptions->errorHandler(8, 'Undefined varia...', '/home/abhay/mem...', 13, Array)
#1 /home/abhay/mememekr/system/View/View.php(246): include('/home/abhay/mem...')
#2 /home/abhay/mememekr/system/Common.php(1119): CodeIgniter\View\View->render('meta_footer', Array, true)
#3 /home/abhay/mememekr/app/Controllers/Home.php(20): view('meta_footer')
#4 /home/abhay/mememekr/system/CodeIgniter.php(918): App\Controllers\Home->index()
#5 /home/abhay/mememekr/system/CodeIgniter.php(404): CodeIgniter\CodeIgniter->runController(Object(App\Controllers\Home))
#6 /home/abhay/mememekr/system/CodeIgniter.php(312): CodeIgniter\CodeIgniter->handleRequest(NULL, Object(Config\Cache), false)
#7 /home/abhay/mememekr/public/index.php(45): CodeIgniter\CodeIgniter->run()
#8 {main}
CRITICAL - 2020-10-15 03:48:39 --> Undefined variable: arrPageScript
#0 /home/abhay/mememekr/app/Views/meta_footer.php(13): CodeIgniter\Debug\Exceptions->errorHandler(8, 'Undefined varia...', '/home/abhay/mem...', 13, Array)
#1 /home/abhay/mememekr/system/View/View.php(246): include('/home/abhay/mem...')
#2 /home/abhay/mememekr/system/Common.php(1119): CodeIgniter\View\View->render('meta_footer', Array, true)
#3 /home/abhay/mememekr/app/Controllers/Home.php(20): view('meta_footer')
#4 /home/abhay/mememekr/system/CodeIgniter.php(918): App\Controllers\Home->index()
#5 /home/abhay/mememekr/system/CodeIgniter.php(404): CodeIgniter\CodeIgniter->runController(Object(App\Controllers\Home))
#6 /home/abhay/mememekr/system/CodeIgniter.php(312): CodeIgniter\CodeIgniter->handleRequest(NULL, Object(Config\Cache), false)
#7 /home/abhay/mememekr/public/index.php(45): CodeIgniter\CodeIgniter->run()
#8 {main}
CRITICAL - 2020-10-15 03:48:40 --> Undefined variable: arrPageScript
#0 /home/abhay/mememekr/app/Views/meta_footer.php(13): CodeIgniter\Debug\Exceptions->errorHandler(8, 'Undefined varia...', '/home/abhay/mem...', 13, Array)
#1 /home/abhay/mememekr/system/View/View.php(246): include('/home/abhay/mem...')
#2 /home/abhay/mememekr/system/Common.php(1119): CodeIgniter\View\View->render('meta_footer', Array, true)
#3 /home/abhay/mememekr/app/Controllers/Home.php(20): view('meta_footer')
#4 /home/abhay/mememekr/system/CodeIgniter.php(918): App\Controllers\Home->index()
#5 /home/abhay/mememekr/system/CodeIgniter.php(404): CodeIgniter\CodeIgniter->runController(Object(App\Controllers\Home))
#6 /home/abhay/mememekr/system/CodeIgniter.php(312): CodeIgniter\CodeIgniter->handleRequest(NULL, Object(Config\Cache), false)
#7 /home/abhay/mememekr/public/index.php(45): CodeIgniter\CodeIgniter->run()
#8 {main}
CRITICAL - 2020-10-15 03:48:54 --> Undefined variable: arrPageScript
#0 /home/abhay/mememekr/app/Views/meta_footer.php(13): CodeIgniter\Debug\Exceptions->errorHandler(8, 'Undefined varia...', '/home/abhay/mem...', 13, Array)
#1 /home/abhay/mememekr/system/View/View.php(246): include('/home/abhay/mem...')
#2 /home/abhay/mememekr/system/Common.php(1119): CodeIgniter\View\View->render('meta_footer', Array, true)
#3 /home/abhay/mememekr/app/Controllers/Home.php(20): view('meta_footer')
#4 /home/abhay/mememekr/system/CodeIgniter.php(918): App\Controllers\Home->index()
#5 /home/abhay/mememekr/system/CodeIgniter.php(404): CodeIgniter\CodeIgniter->runController(Object(App\Controllers\Home))
#6 /home/abhay/mememekr/system/CodeIgniter.php(312): CodeIgniter\CodeIgniter->handleRequest(NULL, Object(Config\Cache), false)
#7 /home/abhay/mememekr/public/index.php(45): CodeIgniter\CodeIgniter->run()
#8 {main}
CRITICAL - 2020-10-15 03:48:54 --> Undefined variable: arrPageScript
#0 /home/abhay/mememekr/app/Views/meta_footer.php(13): CodeIgniter\Debug\Exceptions->errorHandler(8, 'Undefined varia...', '/home/abhay/mem...', 13, Array)
#1 /home/abhay/mememekr/system/View/View.php(246): include('/home/abhay/mem...')
#2 /home/abhay/mememekr/system/Common.php(1119): CodeIgniter\View\View->render('meta_footer', Array, true)
#3 /home/abhay/mememekr/app/Controllers/Home.php(20): view('meta_footer')
#4 /home/abhay/mememekr/system/CodeIgniter.php(918): App\Controllers\Home->index()
#5 /home/abhay/mememekr/system/CodeIgniter.php(404): CodeIgniter\CodeIgniter->runController(Object(App\Controllers\Home))
#6 /home/abhay/mememekr/system/CodeIgniter.php(312): CodeIgniter\CodeIgniter->handleRequest(NULL, Object(Config\Cache), false)
#7 /home/abhay/mememekr/public/index.php(45): CodeIgniter\CodeIgniter->run()
#8 {main}
CRITICAL - 2020-10-15 03:50:03 --> Undefined variable: arrPageScript
#0 /home/abhay/mememekr/app/Views/meta_footer.php(13): CodeIgniter\Debug\Exceptions->errorHandler(8, 'Undefined varia...', '/home/abhay/mem...', 13, Array)
#1 /home/abhay/mememekr/system/View/View.php(246): include('/home/abhay/mem...')
#2 /home/abhay/mememekr/system/Common.php(1119): CodeIgniter\View\View->render('meta_footer', Array, true)
#3 /home/abhay/mememekr/app/Controllers/Home.php(20): view('meta_footer')
#4 /home/abhay/mememekr/system/CodeIgniter.php(918): App\Controllers\Home->index()
#5 /home/abhay/mememekr/system/CodeIgniter.php(404): CodeIgniter\CodeIgniter->runController(Object(App\Controllers\Home))
#6 /home/abhay/mememekr/system/CodeIgniter.php(312): CodeIgniter\CodeIgniter->handleRequest(NULL, Object(Config\Cache), false)
#7 /home/abhay/mememekr/public/index.php(45): CodeIgniter\CodeIgniter->run()
#8 {main}
CRITICAL - 2020-10-15 03:50:03 --> Undefined variable: arrPageScript
#0 /home/abhay/mememekr/app/Views/meta_footer.php(13): CodeIgniter\Debug\Exceptions->errorHandler(8, 'Undefined varia...', '/home/abhay/mem...', 13, Array)
#1 /home/abhay/mememekr/system/View/View.php(246): include('/home/abhay/mem...')
#2 /home/abhay/mememekr/system/Common.php(1119): CodeIgniter\View\View->render('meta_footer', Array, true)
#3 /home/abhay/mememekr/app/Controllers/Home.php(20): view('meta_footer')
#4 /home/abhay/mememekr/system/CodeIgniter.php(918): App\Controllers\Home->index()
#5 /home/abhay/mememekr/system/CodeIgniter.php(404): CodeIgniter\CodeIgniter->runController(Object(App\Controllers\Home))
#6 /home/abhay/mememekr/system/CodeIgniter.php(312): CodeIgniter\CodeIgniter->handleRequest(NULL, Object(Config\Cache), false)
#7 /home/abhay/mememekr/public/index.php(45): CodeIgniter\CodeIgniter->run()
#8 {main}
CRITICAL - 2020-10-15 03:50:19 --> Undefined variable: arrPageScript
#0 /home/abhay/mememekr/app/Views/meta_footer.php(13): CodeIgniter\Debug\Exceptions->errorHandler(8, 'Undefined varia...', '/home/abhay/mem...', 13, Array)
#1 /home/abhay/mememekr/system/View/View.php(246): include('/home/abhay/mem...')
#2 /home/abhay/mememekr/system/Common.php(1119): CodeIgniter\View\View->render('meta_footer', Array, true)
#3 /home/abhay/mememekr/app/Controllers/Home.php(20): view('meta_footer')
#4 /home/abhay/mememekr/system/CodeIgniter.php(918): App\Controllers\Home->index()
#5 /home/abhay/mememekr/system/CodeIgniter.php(404): CodeIgniter\CodeIgniter->runController(Object(App\Controllers\Home))
#6 /home/abhay/mememekr/system/CodeIgniter.php(312): CodeIgniter\CodeIgniter->handleRequest(NULL, Object(Config\Cache), false)
#7 /home/abhay/mememekr/public/index.php(45): CodeIgniter\CodeIgniter->run()
#8 {main}
CRITICAL - 2020-10-15 03:50:19 --> Undefined variable: arrPageScript
#0 /home/abhay/mememekr/app/Views/meta_footer.php(13): CodeIgniter\Debug\Exceptions->errorHandler(8, 'Undefined varia...', '/home/abhay/mem...', 13, Array)
#1 /home/abhay/mememekr/system/View/View.php(246): include('/home/abhay/mem...')
#2 /home/abhay/mememekr/system/Common.php(1119): CodeIgniter\View\View->render('meta_footer', Array, true)
#3 /home/abhay/mememekr/app/Controllers/Home.php(20): view('meta_footer')
#4 /home/abhay/mememekr/system/CodeIgniter.php(918): App\Controllers\Home->index()
#5 /home/abhay/mememekr/system/CodeIgniter.php(404): CodeIgniter\CodeIgniter->runController(Object(App\Controllers\Home))
#6 /home/abhay/mememekr/system/CodeIgniter.php(312): CodeIgniter\CodeIgniter->handleRequest(NULL, Object(Config\Cache), false)
#7 /home/abhay/mememekr/public/index.php(45): CodeIgniter\CodeIgniter->run()
#8 {main}
CRITICAL - 2020-10-15 03:50:27 --> Undefined variable: arrPageScript
#0 /home/abhay/mememekr/app/Views/meta_footer.php(13): CodeIgniter\Debug\Exceptions->errorHandler(8, 'Undefined varia...', '/home/abhay/mem...', 13, Array)
#1 /home/abhay/mememekr/system/View/View.php(246): include('/home/abhay/mem...')
#2 /home/abhay/mememekr/system/Common.php(1119): CodeIgniter\View\View->render('meta_footer', Array, true)
#3 /home/abhay/mememekr/app/Controllers/Home.php(20): view('meta_footer')
#4 /home/abhay/mememekr/system/CodeIgniter.php(918): App\Controllers\Home->index()
#5 /home/abhay/mememekr/system/CodeIgniter.php(404): CodeIgniter\CodeIgniter->runController(Object(App\Controllers\Home))
#6 /home/abhay/mememekr/system/CodeIgniter.php(312): CodeIgniter\CodeIgniter->handleRequest(NULL, Object(Config\Cache), false)
#7 /home/abhay/mememekr/public/index.php(45): CodeIgniter\CodeIgniter->run()
#8 {main}
CRITICAL - 2020-10-15 03:50:27 --> Undefined variable: arrPageScript
#0 /home/abhay/mememekr/app/Views/meta_footer.php(13): CodeIgniter\Debug\Exceptions->errorHandler(8, 'Undefined varia...', '/home/abhay/mem...', 13, Array)
#1 /home/abhay/mememekr/system/View/View.php(246): include('/home/abhay/mem...')
#2 /home/abhay/mememekr/system/Common.php(1119): CodeIgniter\View\View->render('meta_footer', Array, true)
#3 /home/abhay/mememekr/app/Controllers/Home.php(20): view('meta_footer')
#4 /home/abhay/mememekr/system/CodeIgniter.php(918): App\Controllers\Home->index()
#5 /home/abhay/mememekr/system/CodeIgniter.php(404): CodeIgniter\CodeIgniter->runController(Object(App\Controllers\Home))
#6 /home/abhay/mememekr/system/CodeIgniter.php(312): CodeIgniter\CodeIgniter->handleRequest(NULL, Object(Config\Cache), false)
#7 /home/abhay/mememekr/public/index.php(45): CodeIgniter\CodeIgniter->run()
#8 {main}
CRITICAL - 2020-10-15 03:51:19 --> Undefined variable: arrPageScript
#0 /home/abhay/mememekr/app/Views/meta_footer.php(13): CodeIgniter\Debug\Exceptions->errorHandler(8, 'Undefined varia...', '/home/abhay/mem...', 13, Array)
#1 /home/abhay/mememekr/system/View/View.php(246): include('/home/abhay/mem...')
#2 /home/abhay/mememekr/system/Common.php(1119): CodeIgniter\View\View->render('meta_footer', Array, true)
#3 /home/abhay/mememekr/app/Controllers/Home.php(20): view('meta_footer')
#4 /home/abhay/mememekr/system/CodeIgniter.php(918): App\Controllers\Home->index()
#5 /home/abhay/mememekr/system/CodeIgniter.php(404): CodeIgniter\CodeIgniter->runController(Object(App\Controllers\Home))
#6 /home/abhay/mememekr/system/CodeIgniter.php(312): CodeIgniter\CodeIgniter->handleRequest(NULL, Object(Config\Cache), false)
#7 /home/abhay/mememekr/public/index.php(45): CodeIgniter\CodeIgniter->run()
#8 {main}
CRITICAL - 2020-10-15 03:51:19 --> Undefined variable: arrPageScript
#0 /home/abhay/mememekr/app/Views/meta_footer.php(13): CodeIgniter\Debug\Exceptions->errorHandler(8, 'Undefined varia...', '/home/abhay/mem...', 13, Array)
#1 /home/abhay/mememekr/system/View/View.php(246): include('/home/abhay/mem...')
#2 /home/abhay/mememekr/system/Common.php(1119): CodeIgniter\View\View->render('meta_footer', Array, true)
#3 /home/abhay/mememekr/app/Controllers/Home.php(20): view('meta_footer')
#4 /home/abhay/mememekr/system/CodeIgniter.php(918): App\Controllers\Home->index()
#5 /home/abhay/mememekr/system/CodeIgniter.php(404): CodeIgniter\CodeIgniter->runController(Object(App\Controllers\Home))
#6 /home/abhay/mememekr/system/CodeIgniter.php(312): CodeIgniter\CodeIgniter->handleRequest(NULL, Object(Config\Cache), false)
#7 /home/abhay/mememekr/public/index.php(45): CodeIgniter\CodeIgniter->run()
#8 {main}
CRITICAL - 2020-10-15 04:28:18 --> Undefined variable: arrPageScript
#0 /home/abhay/mememekr/app/Views/meta_footer.php(13): CodeIgniter\Debug\Exceptions->errorHandler(8, 'Undefined varia...', '/home/abhay/mem...', 13, Array)
#1 /home/abhay/mememekr/system/View/View.php(246): include('/home/abhay/mem...')
#2 /home/abhay/mememekr/system/Common.php(1119): CodeIgniter\View\View->render('meta_footer', Array, true)
#3 /home/abhay/mememekr/app/Controllers/Home.php(20): view('meta_footer')
#4 /home/abhay/mememekr/system/CodeIgniter.php(918): App\Controllers\Home->index()
#5 /home/abhay/mememekr/system/CodeIgniter.php(404): CodeIgniter\CodeIgniter->runController(Object(App\Controllers\Home))
#6 /home/abhay/mememekr/system/CodeIgniter.php(312): CodeIgniter\CodeIgniter->handleRequest(NULL, Object(Config\Cache), false)
#7 /home/abhay/mememekr/public/index.php(45): CodeIgniter\CodeIgniter->run()
#8 {main}
CRITICAL - 2020-10-15 04:28:19 --> Undefined variable: arrPageScript
#0 /home/abhay/mememekr/app/Views/meta_footer.php(13): CodeIgniter\Debug\Exceptions->errorHandler(8, 'Undefined varia...', '/home/abhay/mem...', 13, Array)
#1 /home/abhay/mememekr/system/View/View.php(246): include('/home/abhay/mem...')
#2 /home/abhay/mememekr/system/Common.php(1119): CodeIgniter\View\View->render('meta_footer', Array, true)
#3 /home/abhay/mememekr/app/Controllers/Home.php(20): view('meta_footer')
#4 /home/abhay/mememekr/system/CodeIgniter.php(918): App\Controllers\Home->index()
#5 /home/abhay/mememekr/system/CodeIgniter.php(404): CodeIgniter\CodeIgniter->runController(Object(App\Controllers\Home))
#6 /home/abhay/mememekr/system/CodeIgniter.php(312): CodeIgniter\CodeIgniter->handleRequest(NULL, Object(Config\Cache), false)
#7 /home/abhay/mememekr/public/index.php(45): CodeIgniter\CodeIgniter->run()
#8 {main}
CRITICAL - 2020-10-15 04:28:21 --> Undefined variable: arrPageScript
#0 /home/abhay/mememekr/app/Views/meta_footer.php(13): CodeIgniter\Debug\Exceptions->errorHandler(8, 'Undefined varia...', '/home/abhay/mem...', 13, Array)
#1 /home/abhay/mememekr/system/View/View.php(246): include('/home/abhay/mem...')
#2 /home/abhay/mememekr/system/Common.php(1119): CodeIgniter\View\View->render('meta_footer', Array, true)
#3 /home/abhay/mememekr/app/Controllers/Home.php(20): view('meta_footer')
#4 /home/abhay/mememekr/system/CodeIgniter.php(918): App\Controllers\Home->index()
#5 /home/abhay/mememekr/system/CodeIgniter.php(404): CodeIgniter\CodeIgniter->runController(Object(App\Controllers\Home))
#6 /home/abhay/mememekr/system/CodeIgniter.php(312): CodeIgniter\CodeIgniter->handleRequest(NULL, Object(Config\Cache), false)
#7 /home/abhay/mememekr/public/index.php(45): CodeIgniter\CodeIgniter->run()
#8 {main}
CRITICAL - 2020-10-15 04:28:21 --> Undefined variable: arrPageScript
#0 /home/abhay/mememekr/app/Views/meta_footer.php(13): CodeIgniter\Debug\Exceptions->errorHandler(8, 'Undefined varia...', '/home/abhay/mem...', 13, Array)
#1 /home/abhay/mememekr/system/View/View.php(246): include('/home/abhay/mem...')
#2 /home/abhay/mememekr/system/Common.php(1119): CodeIgniter\View\View->render('meta_footer', Array, true)
#3 /home/abhay/mememekr/app/Controllers/Home.php(20): view('meta_footer')
#4 /home/abhay/mememekr/system/CodeIgniter.php(918): App\Controllers\Home->index()
#5 /home/abhay/mememekr/system/CodeIgniter.php(404): CodeIgniter\CodeIgniter->runController(Object(App\Controllers\Home))
#6 /home/abhay/mememekr/system/CodeIgniter.php(312): CodeIgniter\CodeIgniter->handleRequest(NULL, Object(Config\Cache), false)
#7 /home/abhay/mememekr/public/index.php(45): CodeIgniter\CodeIgniter->run()
#8 {main}
CRITICAL - 2020-10-15 04:28:50 --> Undefined variable: arrPageScript
#0 /home/abhay/mememekr/app/Views/meta_footer.php(13): CodeIgniter\Debug\Exceptions->errorHandler(8, 'Undefined varia...', '/home/abhay/mem...', 13, Array)
#1 /home/abhay/mememekr/system/View/View.php(246): include('/home/abhay/mem...')
#2 /home/abhay/mememekr/system/Common.php(1119): CodeIgniter\View\View->render('meta_footer', Array, true)
#3 /home/abhay/mememekr/app/Controllers/Home.php(20): view('meta_footer')
#4 /home/abhay/mememekr/system/CodeIgniter.php(918): App\Controllers\Home->index()
#5 /home/abhay/mememekr/system/CodeIgniter.php(404): CodeIgniter\CodeIgniter->runController(Object(App\Controllers\Home))
#6 /home/abhay/mememekr/system/CodeIgniter.php(312): CodeIgniter\CodeIgniter->handleRequest(NULL, Object(Config\Cache), false)
#7 /home/abhay/mememekr/public/index.php(45): CodeIgniter\CodeIgniter->run()
#8 {main}
CRITICAL - 2020-10-15 04:28:50 --> Undefined variable: arrPageScript
#0 /home/abhay/mememekr/app/Views/meta_footer.php(13): CodeIgniter\Debug\Exceptions->errorHandler(8, 'Undefined varia...', '/home/abhay/mem...', 13, Array)
#1 /home/abhay/mememekr/system/View/View.php(246): include('/home/abhay/mem...')
#2 /home/abhay/mememekr/system/Common.php(1119): CodeIgniter\View\View->render('meta_footer', Array, true)
#3 /home/abhay/mememekr/app/Controllers/Home.php(20): view('meta_footer')
#4 /home/abhay/mememekr/system/CodeIgniter.php(918): App\Controllers\Home->index()
#5 /home/abhay/mememekr/system/CodeIgniter.php(404): CodeIgniter\CodeIgniter->runController(Object(App\Controllers\Home))
#6 /home/abhay/mememekr/system/CodeIgniter.php(312): CodeIgniter\CodeIgniter->handleRequest(NULL, Object(Config\Cache), false)
#7 /home/abhay/mememekr/public/index.php(45): CodeIgniter\CodeIgniter->run()
#8 {main}
CRITICAL - 2020-10-15 06:28:00 --> Undefined variable: arrPageScript
#0 /home/abhay/mememekr/app/Views/meta_footer.php(13): CodeIgniter\Debug\Exceptions->errorHandler(8, 'Undefined varia...', '/home/abhay/mem...', 13, Array)
#1 /home/abhay/mememekr/system/View/View.php(246): include('/home/abhay/mem...')
#2 /home/abhay/mememekr/system/Common.php(1119): CodeIgniter\View\View->render('meta_footer', Array, true)
#3 /home/abhay/mememekr/app/Controllers/Home.php(20): view('meta_footer')
#4 /home/abhay/mememekr/system/CodeIgniter.php(918): App\Controllers\Home->index()
#5 /home/abhay/mememekr/system/CodeIgniter.php(404): CodeIgniter\CodeIgniter->runController(Object(App\Controllers\Home))
#6 /home/abhay/mememekr/system/CodeIgniter.php(312): CodeIgniter\CodeIgniter->handleRequest(NULL, Object(Config\Cache), false)
#7 /home/abhay/mememekr/public/index.php(45): CodeIgniter\CodeIgniter->run()
#8 {main}
CRITICAL - 2020-10-15 06:28:00 --> Undefined variable: arrPageScript
#0 /home/abhay/mememekr/app/Views/meta_footer.php(13): CodeIgniter\Debug\Exceptions->errorHandler(8, 'Undefined varia...', '/home/abhay/mem...', 13, Array)
#1 /home/abhay/mememekr/system/View/View.php(246): include('/home/abhay/mem...')
#2 /home/abhay/mememekr/system/Common.php(1119): CodeIgniter\View\View->render('meta_footer', Array, true)
#3 /home/abhay/mememekr/app/Controllers/Home.php(20): view('meta_footer')
#4 /home/abhay/mememekr/system/CodeIgniter.php(918): App\Controllers\Home->index()
#5 /home/abhay/mememekr/system/CodeIgniter.php(404): CodeIgniter\CodeIgniter->runController(Object(App\Controllers\Home))
#6 /home/abhay/mememekr/system/CodeIgniter.php(312): CodeIgniter\CodeIgniter->handleRequest(NULL, Object(Config\Cache), false)
#7 /home/abhay/mememekr/public/index.php(45): CodeIgniter\CodeIgniter->run()
#8 {main}
CRITICAL - 2020-10-15 06:30:58 --> Invalid file: admin_panel.php
#0 /home/abhay/mememekr/system/View/View.php(228): CodeIgniter\Exceptions\FrameworkException::forInvalidFile('admin_panel.php')
#1 /home/abhay/mememekr/system/Common.php(1119): CodeIgniter\View\View->render('admin_panel', Array, true)
#2 /home/abhay/mememekr/app/Controllers/BaseController.php(58): view('admin_panel', Array)
#3 /home/abhay/mememekr/app/Controllers/Home.php(43): App\Controllers\BaseController->BuildPage('admin_panel', Array, Array, Array, Array, Array, Array)
#4 /home/abhay/mememekr/system/CodeIgniter.php(918): App\Controllers\Home->AdminPanel()
#5 /home/abhay/mememekr/system/CodeIgniter.php(404): CodeIgniter\CodeIgniter->runController(Object(App\Controllers\Home))
#6 /home/abhay/mememekr/system/CodeIgniter.php(312): CodeIgniter\CodeIgniter->handleRequest(NULL, Object(Config\Cache), false)
#7 /home/abhay/mememekr/public/index.php(45): CodeIgniter\CodeIgniter->run()
#8 {main}
CRITICAL - 2020-10-15 06:32:21 --> Invalid file: admin_panel.php
#0 /home/abhay/mememekr/system/View/View.php(228): CodeIgniter\Exceptions\FrameworkException::forInvalidFile('admin_panel.php')
#1 /home/abhay/mememekr/system/Common.php(1119): CodeIgniter\View\View->render('admin_panel', Array, true)
#2 /home/abhay/mememekr/app/Controllers/BaseController.php(58): view('admin_panel', Array)
#3 /home/abhay/mememekr/app/Controllers/Home.php(43): App\Controllers\BaseController->BuildPage('admin_panel', Array, Array, Array, Array, Array, Array)
#4 /home/abhay/mememekr/system/CodeIgniter.php(918): App\Controllers\Home->AdminPanel()
#5 /home/abhay/mememekr/system/CodeIgniter.php(404): CodeIgniter\CodeIgniter->runController(Object(App\Controllers\Home))
#6 /home/abhay/mememekr/system/CodeIgniter.php(312): CodeIgniter\CodeIgniter->handleRequest(NULL, Object(Config\Cache), false)
#7 /home/abhay/mememekr/public/index.php(45): CodeIgniter\CodeIgniter->run()
#8 {main}
CRITICAL - 2020-10-15 06:32:47 --> Undefined variable: meta_header_data
#0 /home/abhay/mememekr/app/Controllers/Home.php(20): CodeIgniter\Debug\Exceptions->errorHandler(8, 'Undefined varia...', '/home/abhay/mem...', 20, Array)
#1 /home/abhay/mememekr/system/CodeIgniter.php(918): App\Controllers\Home->index()
#2 /home/abhay/mememekr/system/CodeIgniter.php(404): CodeIgniter\CodeIgniter->runController(Object(App\Controllers\Home))
#3 /home/abhay/mememekr/system/CodeIgniter.php(312): CodeIgniter\CodeIgniter->handleRequest(NULL, Object(Config\Cache), false)
#4 /home/abhay/mememekr/public/index.php(45): CodeIgniter\CodeIgniter->run()
#5 {main}
CRITICAL - 2020-10-15 06:32:47 --> Undefined variable: meta_header_data
#0 /home/abhay/mememekr/app/Controllers/Home.php(20): CodeIgniter\Debug\Exceptions->errorHandler(8, 'Undefined varia...', '/home/abhay/mem...', 20, Array)
#1 /home/abhay/mememekr/system/CodeIgniter.php(918): App\Controllers\Home->index()
#2 /home/abhay/mememekr/system/CodeIgniter.php(404): CodeIgniter\CodeIgniter->runController(Object(App\Controllers\Home))
#3 /home/abhay/mememekr/system/CodeIgniter.php(312): CodeIgniter\CodeIgniter->handleRequest(NULL, Object(Config\Cache), false)
#4 /home/abhay/mememekr/public/index.php(45): CodeIgniter\CodeIgniter->run()
#5 {main}
CRITICAL - 2020-10-15 06:35:22 --> Undefined variable: meta_header_data
#0 /home/abhay/mememekr/app/Controllers/Home.php(24): CodeIgniter\Debug\Exceptions->errorHandler(8, 'Undefined varia...', '/home/abhay/mem...', 24, Array)
#1 /home/abhay/mememekr/system/CodeIgniter.php(918): App\Controllers\Home->Login()
#2 /home/abhay/mememekr/system/CodeIgniter.php(404): CodeIgniter\CodeIgniter->runController(Object(App\Controllers\Home))
#3 /home/abhay/mememekr/system/CodeIgniter.php(312): CodeIgniter\CodeIgniter->handleRequest(NULL, Object(Config\Cache), false)
#4 /home/abhay/mememekr/public/index.php(45): CodeIgniter\CodeIgniter->run()
#5 {main}
CRITICAL - 2020-10-15 06:39:46 --> syntax error, unexpected '$metaFooterData' (T_VARIABLE)
#0 /home/abhay/mememekr/system/Router/Router.php(195): CodeIgniter\Router\Router->autoRoute('home/Login')
#1 /home/abhay/mememekr/system/CodeIgniter.php(793): CodeIgniter\Router\Router->handle('home/Login')
#2 /home/abhay/mememekr/system/CodeIgniter.php(364): CodeIgniter\CodeIgniter->tryToRouteIt(Object(CodeIgniter\Router\RouteCollection))
#3 /home/abhay/mememekr/system/CodeIgniter.php(312): CodeIgniter\CodeIgniter->handleRequest(NULL, Object(Config\Cache), false)
#4 /home/abhay/mememekr/public/index.php(45): CodeIgniter\CodeIgniter->run()
#5 {main}
CRITICAL - 2020-10-15 06:40:05 --> syntax error, unexpected 'if' (T_IF)
#0 /home/abhay/mememekr/system/Common.php(1119): CodeIgniter\View\View->render('navbar_view', Array, true)
#1 /home/abhay/mememekr/app/Controllers/Home.php(22): view('navbar_view', Array)
#2 /home/abhay/mememekr/system/CodeIgniter.php(918): App\Controllers\Home->Login()
#3 /home/abhay/mememekr/system/CodeIgniter.php(404): CodeIgniter\CodeIgniter->runController(Object(App\Controllers\Home))
#4 /home/abhay/mememekr/system/CodeIgniter.php(312): CodeIgniter\CodeIgniter->handleRequest(NULL, Object(Config\Cache), false)
#5 /home/abhay/mememekr/public/index.php(45): CodeIgniter\CodeIgniter->run()
#6 {main}
CRITICAL - 2020-10-15 06:40:17 --> Cannot use isset() on the result of an expression (you can use "null !== expression" instead)
#0 [internal function]: CodeIgniter\Debug\Exceptions->shutdownHandler()
#1 {main}
CRITICAL - 2020-10-15 06:54:07 --> Undefined variable: arrPageScript
#0 /home/abhay/mememekr/app/Views/meta_footer.php(13): CodeIgniter\Debug\Exceptions->errorHandler(8, 'Undefined varia...', '/home/abhay/mem...', 13, Array)
#1 /home/abhay/mememekr/system/View/View.php(246): include('/home/abhay/mem...')
#2 /home/abhay/mememekr/system/Common.php(1119): CodeIgniter\View\View->render('meta_footer', Array, true)
#3 /home/abhay/mememekr/app/Controllers/Home.php(14): view('meta_footer')
#4 /home/abhay/mememekr/system/CodeIgniter.php(918): App\Controllers\Home->Login()
#5 /home/abhay/mememekr/system/CodeIgniter.php(404): CodeIgniter\CodeIgniter->runController(Object(App\Controllers\Home))
#6 /home/abhay/mememekr/system/CodeIgniter.php(312): CodeIgniter\CodeIgniter->handleRequest(NULL, Object(Config\Cache), false)
#7 /home/abhay/mememekr/public/index.php(45): CodeIgniter\CodeIgniter->run()
#8 {main}
CRITICAL - 2020-10-15 07:34:43 --> Invalid file: auth/forgot_password_view.php
#0 /home/abhay/mememekr/system/View/View.php(228): CodeIgniter\Exceptions\FrameworkException::forInvalidFile('auth/forgot_pas...')
#1 /home/abhay/mememekr/system/Common.php(1119): CodeIgniter\View\View->render('auth/forgot_pas...', Array, true)
#2 /home/abhay/mememekr/app/Controllers/Auth.php(21): view('auth/forgot_pas...')
#3 /home/abhay/mememekr/system/CodeIgniter.php(918): App\Controllers\Auth->ForgotPasswordView()
#4 /home/abhay/mememekr/system/CodeIgniter.php(404): CodeIgniter\CodeIgniter->runController(Object(App\Controllers\Auth))
#5 /home/abhay/mememekr/system/CodeIgniter.php(312): CodeIgniter\CodeIgniter->handleRequest(NULL, Object(Config\Cache), false)
#6 /home/abhay/mememekr/public/index.php(45): CodeIgniter\CodeIgniter->run()
#7 {main}
CRITICAL - 2020-10-15 07:34:52 --> Invalid file: auth/register_view.php
#0 /home/abhay/mememekr/system/View/View.php(228): CodeIgniter\Exceptions\FrameworkException::forInvalidFile('auth/register_v...')
#1 /home/abhay/mememekr/system/Common.php(1119): CodeIgniter\View\View->render('auth/register_v...', Array, true)
#2 /home/abhay/mememekr/app/Controllers/Auth.php(15): view('auth/register_v...')
#3 /home/abhay/mememekr/system/CodeIgniter.php(918): App\Controllers\Auth->RegisterView()
#4 /home/abhay/mememekr/system/CodeIgniter.php(404): CodeIgniter\CodeIgniter->runController(Object(App\Controllers\Auth))
#5 /home/abhay/mememekr/system/CodeIgniter.php(312): CodeIgniter\CodeIgniter->handleRequest(NULL, Object(Config\Cache), false)
#6 /home/abhay/mememekr/public/index.php(45): CodeIgniter\CodeIgniter->run()
#7 {main}
CRITICAL - 2020-10-15 07:35:04 --> Invalid file: auth/forgot_password_view.php
#0 /home/abhay/mememekr/system/View/View.php(228): CodeIgniter\Exceptions\FrameworkException::forInvalidFile('auth/forgot_pas...')
#1 /home/abhay/mememekr/system/Common.php(1119): CodeIgniter\View\View->render('auth/forgot_pas...', Array, true)
#2 /home/abhay/mememekr/app/Controllers/Auth.php(21): view('auth/forgot_pas...')
#3 /home/abhay/mememekr/system/CodeIgniter.php(918): App\Controllers\Auth->ForgotPasswordView()
#4 /home/abhay/mememekr/system/CodeIgniter.php(404): CodeIgniter\CodeIgniter->runController(Object(App\Controllers\Auth))
#5 /home/abhay/mememekr/system/CodeIgniter.php(312): CodeIgniter\CodeIgniter->handleRequest(NULL, Object(Config\Cache), false)
#6 /home/abhay/mememekr/public/index.php(45): CodeIgniter\CodeIgniter->run()
#7 {main}
CRITICAL - 2020-10-15 07:35:09 --> Invalid file: auth/register_view.php
#0 /home/abhay/mememekr/system/View/View.php(228): CodeIgniter\Exceptions\FrameworkException::forInvalidFile('auth/register_v...')
#1 /home/abhay/mememekr/system/Common.php(1119): CodeIgniter\View\View->render('auth/register_v...', Array, true)
#2 /home/abhay/mememekr/app/Controllers/Auth.php(15): view('auth/register_v...')
#3 /home/abhay/mememekr/system/CodeIgniter.php(918): App\Controllers\Auth->RegisterView()
#4 /home/abhay/mememekr/system/CodeIgniter.php(404): CodeIgniter\CodeIgniter->runController(Object(App\Controllers\Auth))
#5 /home/abhay/mememekr/system/CodeIgniter.php(312): CodeIgniter\CodeIgniter->handleRequest(NULL, Object(Config\Cache), false)
#6 /home/abhay/mememekr/public/index.php(45): CodeIgniter\CodeIgniter->run()
#7 {main}
