CRITICAL - 2020-10-10 03:48:58 --> Non-abstract method App\Controllers\BaseController::BuildPage() must contain body
#0 [internal function]: CodeIgniter\Debug\Exceptions->shutdownHandler()
#1 {main}
CRITICAL - 2020-10-10 03:50:32 --> syntax error, unexpected ';', expecting function (T_FUNCTION) or const (T_CONST)
#0 /home/abhay/mememekr/system/Autoloader/Autoloader.php(296): CodeIgniter\Autoloader\Autoloader->requireFile('/home/abhay/mem...')
#1 /home/abhay/mememekr/system/Autoloader/Autoloader.php(258): CodeIgniter\Autoloader\Autoloader->loadInNamespace('App\\Controllers...')
#2 [internal function]: CodeIgniter\Autoloader\Autoloader->loadClass('App\\Controllers...')
#3 /home/abhay/mememekr/app/Controllers/Home.php(3): spl_autoload_call('App\\Controllers...')
#4 /home/abhay/mememekr/system/Router/Router.php(583): include_once('/home/abhay/mem...')
#5 /home/abhay/mememekr/system/Router/Router.php(195): CodeIgniter\Router\Router->autoRoute('home/AdminPanel')
#6 /home/abhay/mememekr/system/CodeIgniter.php(793): CodeIgniter\Router\Router->handle('home/AdminPanel')
#7 /home/abhay/mememekr/system/CodeIgniter.php(364): CodeIgniter\CodeIgniter->tryToRouteIt(Object(CodeIgniter\Router\RouteCollection))
#8 /home/abhay/mememekr/system/CodeIgniter.php(312): CodeIgniter\CodeIgniter->handleRequest(NULL, Object(Config\Cache), false)
#9 /home/abhay/mememekr/public/index.php(45): CodeIgniter\CodeIgniter->run()
#10 {main}
CRITICAL - 2020-10-10 03:51:53 --> Call to undefined function App\Controllers\BuildPage()
#0 /home/abhay/mememekr/system/CodeIgniter.php(918): App\Controllers\Home->AdminPanel()
#1 /home/abhay/mememekr/system/CodeIgniter.php(404): CodeIgniter\CodeIgniter->runController(Object(App\Controllers\Home))
#2 /home/abhay/mememekr/system/CodeIgniter.php(312): CodeIgniter\CodeIgniter->handleRequest(NULL, Object(Config\Cache), false)
#3 /home/abhay/mememekr/public/index.php(45): CodeIgniter\CodeIgniter->run()
#4 {main}
CRITICAL - 2020-10-10 03:52:20 --> Argument 1 passed to view() must be of the type string, array given, called in /home/abhay/mememekr/app/Controllers/BaseController.php on line 58
#0 /home/abhay/mememekr/app/Controllers/BaseController.php(58): view(Array, Array)
#1 /home/abhay/mememekr/app/Controllers/Home.php(32): App\Controllers\BaseController->BuildPage(Array, Array, Array, Array, Array, Array, Array)
#2 /home/abhay/mememekr/system/CodeIgniter.php(918): App\Controllers\Home->AdminPanel()
#3 /home/abhay/mememekr/system/CodeIgniter.php(404): CodeIgniter\CodeIgniter->runController(Object(App\Controllers\Home))
#4 /home/abhay/mememekr/system/CodeIgniter.php(312): CodeIgniter\CodeIgniter->handleRequest(NULL, Object(Config\Cache), false)
#5 /home/abhay/mememekr/public/index.php(45): CodeIgniter\CodeIgniter->run()
#6 {main}
CRITICAL - 2020-10-10 03:53:12 --> Cannot pass parameter 1 by reference
#0 /home/abhay/mememekr/system/CodeIgniter.php(918): App\Controllers\Home->AdminPanel()
#1 /home/abhay/mememekr/system/CodeIgniter.php(404): CodeIgniter\CodeIgniter->runController(Object(App\Controllers\Home))
#2 /home/abhay/mememekr/system/CodeIgniter.php(312): CodeIgniter\CodeIgniter->handleRequest(NULL, Object(Config\Cache), false)
#3 /home/abhay/mememekr/public/index.php(45): CodeIgniter\CodeIgniter->run()
#4 {main}
CRITICAL - 2020-10-10 03:54:07 --> Too few arguments to function App\Controllers\BaseController::BuildPage(), 2 passed in /home/abhay/mememekr/app/Controllers/Home.php on line 32 and exactly 7 expected
#0 /home/abhay/mememekr/app/Controllers/Home.php(32): App\Controllers\BaseController->BuildPage('admin_panel', Array)
#1 /home/abhay/mememekr/system/CodeIgniter.php(918): App\Controllers\Home->AdminPanel()
#2 /home/abhay/mememekr/system/CodeIgniter.php(404): CodeIgniter\CodeIgniter->runController(Object(App\Controllers\Home))
#3 /home/abhay/mememekr/system/CodeIgniter.php(312): CodeIgniter\CodeIgniter->handleRequest(NULL, Object(Config\Cache), false)
#4 /home/abhay/mememekr/public/index.php(45): CodeIgniter\CodeIgniter->run()
#5 {main}
CRITICAL - 2020-10-10 03:54:25 --> Argument 2 passed to view() must be of the type array, null given, called in /home/abhay/mememekr/app/Controllers/BaseController.php on line 55
#0 /home/abhay/mememekr/app/Controllers/BaseController.php(55): view('meta_header', NULL)
#1 /home/abhay/mememekr/app/Controllers/Home.php(32): App\Controllers\BaseController->BuildPage('admin_panel', Array)
#2 /home/abhay/mememekr/system/CodeIgniter.php(918): App\Controllers\Home->AdminPanel()
#3 /home/abhay/mememekr/system/CodeIgniter.php(404): CodeIgniter\CodeIgniter->runController(Object(App\Controllers\Home))
#4 /home/abhay/mememekr/system/CodeIgniter.php(312): CodeIgniter\CodeIgniter->handleRequest(NULL, Object(Config\Cache), false)
#5 /home/abhay/mememekr/public/index.php(45): CodeIgniter\CodeIgniter->run()
#6 {main}
CRITICAL - 2020-10-10 03:54:50 --> Undefined variable: user
#0 /home/abhay/mememekr/app/Views/sidebar_view.php(13): CodeIgniter\Debug\Exceptions->errorHandler(8, 'Undefined varia...', '/home/abhay/mem...', 13, Array)
#1 /home/abhay/mememekr/system/View/View.php(246): include('/home/abhay/mem...')
#2 /home/abhay/mememekr/system/Common.php(1119): CodeIgniter\View\View->render('sidebar_view', Array, true)
#3 /home/abhay/mememekr/app/Controllers/BaseController.php(57): view('sidebar_view', Array)
#4 /home/abhay/mememekr/app/Controllers/Home.php(32): App\Controllers\BaseController->BuildPage('admin_panel', Array)
#5 /home/abhay/mememekr/system/CodeIgniter.php(918): App\Controllers\Home->AdminPanel()
#6 /home/abhay/mememekr/system/CodeIgniter.php(404): CodeIgniter\CodeIgniter->runController(Object(App\Controllers\Home))
#7 /home/abhay/mememekr/system/CodeIgniter.php(312): CodeIgniter\CodeIgniter->handleRequest(NULL, Object(Config\Cache), false)
#8 /home/abhay/mememekr/public/index.php(45): CodeIgniter\CodeIgniter->run()
#9 {main}
CRITICAL - 2020-10-10 03:55:51 --> Cannot pass parameter 3 by reference
#0 /home/abhay/mememekr/system/CodeIgniter.php(918): App\Controllers\Home->AdminPanel()
#1 /home/abhay/mememekr/system/CodeIgniter.php(404): CodeIgniter\CodeIgniter->runController(Object(App\Controllers\Home))
#2 /home/abhay/mememekr/system/CodeIgniter.php(312): CodeIgniter\CodeIgniter->handleRequest(NULL, Object(Config\Cache), false)
#3 /home/abhay/mememekr/public/index.php(45): CodeIgniter\CodeIgniter->run()
#4 {main}
CRITICAL - 2020-10-10 03:55:58 --> Cannot pass parameter 3 by reference
#0 /home/abhay/mememekr/system/CodeIgniter.php(918): App\Controllers\Home->AdminPanel()
#1 /home/abhay/mememekr/system/CodeIgniter.php(404): CodeIgniter\CodeIgniter->runController(Object(App\Controllers\Home))
#2 /home/abhay/mememekr/system/CodeIgniter.php(312): CodeIgniter\CodeIgniter->handleRequest(NULL, Object(Config\Cache), false)
#3 /home/abhay/mememekr/public/index.php(45): CodeIgniter\CodeIgniter->run()
#4 {main}
CRITICAL - 2020-10-10 03:56:44 --> Cannot pass parameter 3 by reference
#0 /home/abhay/mememekr/system/CodeIgniter.php(918): App\Controllers\Home->AdminPanel()
#1 /home/abhay/mememekr/system/CodeIgniter.php(404): CodeIgniter\CodeIgniter->runController(Object(App\Controllers\Home))
#2 /home/abhay/mememekr/system/CodeIgniter.php(312): CodeIgniter\CodeIgniter->handleRequest(NULL, Object(Config\Cache), false)
#3 /home/abhay/mememekr/public/index.php(45): CodeIgniter\CodeIgniter->run()
#4 {main}
CRITICAL - 2020-10-10 04:02:15 --> syntax error, unexpected ':', expecting ']'
#0 /home/abhay/mememekr/system/Router/Router.php(195): CodeIgniter\Router\Router->autoRoute('home/AdminPanel')
#1 /home/abhay/mememekr/system/CodeIgniter.php(793): CodeIgniter\Router\Router->handle('home/AdminPanel')
#2 /home/abhay/mememekr/system/CodeIgniter.php(364): CodeIgniter\CodeIgniter->tryToRouteIt(Object(CodeIgniter\Router\RouteCollection))
#3 /home/abhay/mememekr/system/CodeIgniter.php(312): CodeIgniter\CodeIgniter->handleRequest(NULL, Object(Config\Cache), false)
#4 /home/abhay/mememekr/public/index.php(45): CodeIgniter\CodeIgniter->run()
#5 {main}
CRITICAL - 2020-10-10 04:02:29 --> Cannot pass parameter 7 by reference
#0 /home/abhay/mememekr/system/CodeIgniter.php(918): App\Controllers\Home->AdminPanel()
#1 /home/abhay/mememekr/system/CodeIgniter.php(404): CodeIgniter\CodeIgniter->runController(Object(App\Controllers\Home))
#2 /home/abhay/mememekr/system/CodeIgniter.php(312): CodeIgniter\CodeIgniter->handleRequest(NULL, Object(Config\Cache), false)
#3 /home/abhay/mememekr/public/index.php(45): CodeIgniter\CodeIgniter->run()
#4 {main}
CRITICAL - 2020-10-10 04:03:47 --> Undefined variable: arrPageScript
#0 /home/abhay/mememekr/app/Views/meta_footer.php(13): CodeIgniter\Debug\Exceptions->errorHandler(8, 'Undefined varia...', '/home/abhay/mem...', 13, Array)
#1 /home/abhay/mememekr/system/View/View.php(246): include('/home/abhay/mem...')
#2 /home/abhay/mememekr/system/Common.php(1119): CodeIgniter\View\View->render('meta_footer', Array, true)
#3 /home/abhay/mememekr/app/Controllers/BaseController.php(60): view('meta_footer', Array)
#4 /home/abhay/mememekr/app/Controllers/Home.php(38): App\Controllers\BaseController->BuildPage('admin_panel', Array, Array, Array, Array, Array, Array)
#5 /home/abhay/mememekr/system/CodeIgniter.php(918): App\Controllers\Home->AdminPanel()
#6 /home/abhay/mememekr/system/CodeIgniter.php(404): CodeIgniter\CodeIgniter->runController(Object(App\Controllers\Home))
#7 /home/abhay/mememekr/system/CodeIgniter.php(312): CodeIgniter\CodeIgniter->handleRequest(NULL, Object(Config\Cache), false)
#8 /home/abhay/mememekr/public/index.php(45): CodeIgniter\CodeIgniter->run()
#9 {main}
CRITICAL - 2020-10-10 04:14:50 --> Undefined variable: arrPageScript
#0 /home/abhay/mememekr/app/Views/meta_footer.php(13): CodeIgniter\Debug\Exceptions->errorHandler(8, 'Undefined varia...', '/home/abhay/mem...', 13, Array)
#1 /home/abhay/mememekr/system/View/View.php(246): include('/home/abhay/mem...')
#2 /home/abhay/mememekr/system/Common.php(1119): CodeIgniter\View\View->render('meta_footer', Array, true)
#3 /home/abhay/mememekr/app/Controllers/Home.php(20): view('meta_footer')
#4 /home/abhay/mememekr/system/CodeIgniter.php(918): App\Controllers\Home->index()
#5 /home/abhay/mememekr/system/CodeIgniter.php(404): CodeIgniter\CodeIgniter->runController(Object(App\Controllers\Home))
#6 /home/abhay/mememekr/system/CodeIgniter.php(312): CodeIgniter\CodeIgniter->handleRequest(NULL, Object(Config\Cache), false)
#7 /home/abhay/mememekr/public/index.php(45): CodeIgniter\CodeIgniter->run()
#8 {main}
CRITICAL - 2020-10-10 04:14:51 --> Undefined variable: arrPageScript
#0 /home/abhay/mememekr/app/Views/meta_footer.php(13): CodeIgniter\Debug\Exceptions->errorHandler(8, 'Undefined varia...', '/home/abhay/mem...', 13, Array)
#1 /home/abhay/mememekr/system/View/View.php(246): include('/home/abhay/mem...')
#2 /home/abhay/mememekr/system/Common.php(1119): CodeIgniter\View\View->render('meta_footer', Array, true)
#3 /home/abhay/mememekr/app/Controllers/Home.php(20): view('meta_footer')
#4 /home/abhay/mememekr/system/CodeIgniter.php(918): App\Controllers\Home->index()
#5 /home/abhay/mememekr/system/CodeIgniter.php(404): CodeIgniter\CodeIgniter->runController(Object(App\Controllers\Home))
#6 /home/abhay/mememekr/system/CodeIgniter.php(312): CodeIgniter\CodeIgniter->handleRequest(NULL, Object(Config\Cache), false)
#7 /home/abhay/mememekr/public/index.php(45): CodeIgniter\CodeIgniter->run()
#8 {main}
